this_render=1387403273.69, prev_render=1387403246.37
www/index.html, base.j2, 1
www/personal-banking/index.html, landing-page.j2, 1
www/personal-banking/clever-stuff/index.html, content.j2, 1
www/personal-banking/credit-cards/index.html, landing-page.j2, 1
www/personal-banking/credit-cards/switch-to-kiwibank/index.html, content.j2, 1
www/personal-banking/everyday-banking/account-selector.html, content.j2, 1
www/personal-banking/everyday-banking/backup.html, content.j2, 1
www/personal-banking/everyday-banking/bill-blaster.html, content.j2, 1
www/personal-banking/everyday-banking/compare.html, content.j2, 1
www/personal-banking/everyday-banking/fast-forward.html, content.j2, 1
www/personal-banking/everyday-banking/features-and-benefits.html, content.j2, 1
www/personal-banking/everyday-banking/freeup.html, content.j2, 1
www/personal-banking/everyday-banking/front-runner.html, content.j2, 1
www/personal-banking/everyday-banking/graduate-pack.html, content.j2, 1
www/personal-banking/everyday-banking/help-me-save.html, content.j2, 1
www/personal-banking/everyday-banking/index.html, landing-page.j2, 1
www/personal-banking/everyday-banking/non-profit-organisations.html, content.j2, 1
www/personal-banking/everyday-banking/now.html, content.j2, 1
www/personal-banking/everyday-banking/online-call.html, content.j2, 1
www/personal-banking/everyday-banking/tertiary-pack.html, content.j2, 1
www/personal-banking/everyday-banking/youth-accounts.html, content.j2, 1
www/personal-banking/home-loans/index.html, landing-page.j2, 1
www/personal-banking/home-loans/home-loan-options/offset-mortgage/index.html, content.j2, 1
www/personal-banking/insurance/index.html, landing-page.j2, 1
www/personal-banking/international-services/index.html, landing-page.j2, 1
www/personal-banking/investments/index.html, landing-page.j2, 1
www/personal-banking/investments/our-products/index.html, content.j2, 1
www/personal-banking/kiwisaver/gareth-morgan-kiwisaver/index.html, content.j2, 1
www/personal-banking/life-events/buying-a-home.html, content.j2, 1
www/personal-banking/life-events/retirement.html, content.j2, 1
www/personal-banking/life-events/starting-work.html, content.j2, 1
www/personal-banking/life-events/studying.html, content.j2, 1
www/personal-banking/life-events/travelling.html, content.j2, 1
www/personal-banking/making-payments/index.html, content.j2, 1
www/personal-banking/manage-finances/borrow-money.html, content.j2, 1
www/personal-banking/manage-finances/economic-downturn.html, content.j2, 1
www/personal-banking/manage-finances/heaps.html, content.j2, 1
www/personal-banking/manage-finances/invest-money.html, content.j2, 1
www/personal-banking/manage-finances/tips-penalty-fees.html, content.j2, 1
www/personal-banking/online-tools/index.html, content.j2, 1
www/personal-banking/personal-loans/index.html, content.j2, 1
www/personal-banking/rates-and-fees/index.html, content.j2, 1
www/personal-banking/rates-and-fees/interest-rates?open=home-loans-rates.html, content.j2, 1
www/personal-banking/rates-and-fees/interest-rates?open=term-deposit-rates.html, content.j2, 1
www/personal-banking/rates-and-fees/fees/index.html, content.j2, 1
www/personal-banking/ways-to-bank/index.html, content.j2, 1
www/personal-banking/ways-to-bank/on-the-internet/forgotten-password.html, content.j2, 1
www/personal-banking/ways-to-bank/on-the-internet/index.html, content.j2, 1
